
/home/runner/work/exp-velocity-acceleration-iitb/exp-velocity-acceleration-iitb/experiment/simulation/common_libraries/js/ts_components/collapse_step.js
   1:10  warning  'show_step' is defined but never used                 no-unused-vars
   2:5   warning  '$' is not defined                                    no-undef
   3:9   warning  '$' is not defined                                    no-undef
   6:10  warning  'hide_step' is defined but never used                 no-unused-vars
   7:5   warning  '$' is not defined                                    no-undef
   8:9   warning  '$' is not defined                                    no-undef
  11:10  warning  'get_collapse_btn_text' is defined but never used     no-unused-vars
  20:10  warning  'get_collapse_btn_element' is defined but never used  no-unused-vars
  29:10  warning  'hide_all_steps' is defined but never used            no-unused-vars
  31:9   warning  '$' is not defined                                    no-undef

/home/runner/work/exp-velocity-acceleration-iitb/exp-velocity-acceleration-iitb/experiment/simulation/common_libraries/js/ts_components/matrix.js
   27:26  warning  'MathJax' is not defined                                no-undef
   32:7   warning  'Matrix_Without_String' is defined but never used       no-unused-vars
   52:26  warning  'MathJax' is not defined                                no-undef
   56:10  warning  'get_matrix_html' is defined but never used             no-unused-vars
   87:13  warning  'row_html' is assigned a value but never used           no-unused-vars
   99:10  warning  'get_matrix_html_with_title' is defined but never used  no-unused-vars
  131:13  warning  'row_html' is assigned a value but never used           no-unused-vars
  143:10  warning  'convert_2d_to_1d_vector' is defined but never used     no-unused-vars
  156:10  warning  'convert_1d_to_2d_matrix' is defined but never used     no-unused-vars

/home/runner/work/exp-velocity-acceleration-iitb/exp-velocity-acceleration-iitb/experiment/simulation/common_libraries/js/ts_components/pannel.js
  8:7  warning  'Pannel' is defined but never used  no-unused-vars

/home/runner/work/exp-velocity-acceleration-iitb/exp-velocity-acceleration-iitb/experiment/simulation/common_libraries/js/ts_components/questions.js
   6:17  warning  'op1' is assigned a value but never used      no-unused-vars
   7:17  warning  'op2' is assigned a value but never used      no-unused-vars
   8:17  warning  'op3' is assigned a value but never used      no-unused-vars
   9:17  warning  'op4' is assigned a value but never used      no-unused-vars
  94:7   warning  'Question_Options' is defined but never used  no-unused-vars

/home/runner/work/exp-velocity-acceleration-iitb/exp-velocity-acceleration-iitb/experiment/simulation/common_libraries/js/ts_components/tables.js
   19:22  warning  'verify_values' is not defined                                     no-undef
  137:22  warning  'verify_values' is not defined                                     no-undef
  260:7   warning  'Verify_Rows_Cols_6_decimal_places' is defined but never used      no-unused-vars
  311:22  warning  'verify_values' is not defined                                     no-undef
  416:7   warning  'Verify_Rows_Cols_Custom_Fixed_Update1' is defined but never used  no-unused-vars
  468:7   warning  'Show_Table_Custom_Fixed' is defined but never used                no-unused-vars
  506:7   warning  'Verify_Rows_Cols_Strings' is defined but never used               no-unused-vars
  527:22  warning  'verify_values' is not defined                                     no-undef
  663:7   warning  'Display_Table' is defined but never used                          no-unused-vars

/home/runner/work/exp-velocity-acceleration-iitb/exp-velocity-acceleration-iitb/experiment/simulation/common_libraries/js/ts_math_library/general_math_functions.js
    1:10  warning  'verify_values' is defined but never used                   no-unused-vars
   17:10  warning  'random1' is defined but never used                         no-unused-vars
   21:10  warning  'std_deviation' is defined but never used                   no-unused-vars
   26:10  warning  'gauss' is defined but never used                           no-unused-vars
   56:10  warning  'hide_panel' is defined but never used                      no-unused-vars
   63:10  warning  'inverse_matrix' is defined but never used                  no-unused-vars
   96:10  warning  'matrix_multiplication' is defined but never used           no-unused-vars
  113:10  warning  'transpose_matrix' is defined but never used                no-unused-vars
  123:10  warning  'matrix_multiplication_8decimal' is defined but never used  no-unused-vars
  140:10  warning  'adjoint_2x2_matrix' is defined but never used              no-unused-vars
  145:10  warning  'find_deteminant' is defined but never used                 no-unused-vars
  174:10  warning  'get_Submatrix' is defined but never used                   no-unused-vars

/home/runner/work/exp-velocity-acceleration-iitb/exp-velocity-acceleration-iitb/experiment/simulation/common_libraries/js/ts_math_library/regression.js
   1:10  warning  'regression_linear' is defined but never used            no-unused-vars
  18:10  warning  'regression_linear_1variable' is defined but never used  no-unused-vars
  27:10  warning  'regression_linear_2variable' is defined but never used  no-unused-vars
  52:11  warning  'gauss' is not defined                                   no-undef

/home/runner/work/exp-velocity-acceleration-iitb/exp-velocity-acceleration-iitb/experiment/simulation/common_libraries/math.ob.js
  1:745  warning  'b' is already defined  no-redeclare

/home/runner/work/exp-velocity-acceleration-iitb/exp-velocity-acceleration-iitb/experiment/simulation/js/activity1.js
   20:9    warning  'MathJax' is not defined                no-undef
   24:10   warning  'start_act1' is defined but never used  no-unused-vars
   29:20   warning  'get_collapse_btn_text' is not defined  no-undef
   34:210  warning  'x' is not defined                      no-undef
   34:216  warning  'y' is not defined                      no-undef
   34:222  warning  'w' is not defined                      no-undef
  186:5    warning  'hide_all_steps' is not defined         no-undef
  188:9    warning  'show_step' is not defined              no-undef
  191:9    warning  'MathJax' is not defined                no-undef
  199:5    warning  't' is not defined                      no-undef
  200:5    warning  'u' is not defined                      no-undef
  200:22   warning  'x' is not defined                      no-undef
  201:5    warning  'v' is not defined                      no-undef
  201:23   warning  'x' is not defined                      no-undef
  201:31   warning  'y' is not defined                      no-undef
  202:5    warning  'w' is not defined                      no-undef
  202:13   warning  't' is not defined                      no-undef
  203:5    warning  'res_velocity' is not defined           no-undef
  203:53   warning  'x' is not defined                      no-undef
  203:90   warning  'x' is not defined                      no-undef
  203:98   warning  'y' is not defined                      no-undef
  203:121  warning  't' is not defined                      no-undef
  205:5    warning  'acceleration_mat' is not defined       no-undef
  205:44   warning  'x' is not defined                      no-undef
  206:5    warning  'acceleration_mat' is not defined       no-undef
  207:5    warning  'acceleration_mat' is not defined       no-undef
  208:5    warning  'acceleration_mat' is not defined       no-undef
  210:5    warning  'acceleration_mat' is not defined       no-undef
  210:36   warning  'x' is not defined                      no-undef
  210:40   warning  'y' is not defined                      no-undef
  211:5    warning  'acceleration_mat' is not defined       no-undef
  211:44   warning  'x' is not defined                      no-undef
  212:5    warning  'acceleration_mat' is not defined       no-undef
  213:5    warning  'acceleration_mat' is not defined       no-undef
  215:5    warning  'acceleration_mat' is not defined       no-undef
  216:5    warning  'acceleration_mat' is not defined       no-undef
  217:5    warning  'acceleration_mat' is not defined       no-undef
  218:5    warning  'acceleration_mat' is not defined       no-undef
  220:10   warning  'verify0' is defined but never used     no-unused-vars
  222:24   warning  'u' is not defined                      no-undef
  222:36   warning  'v' is not defined                      no-undef
  222:48   warning  'w' is not defined                      no-undef
  229:10   warning  'verify_values' is not defined          no-undef
  229:48   warning  'u' is not defined                      no-undef
  233:10   warning  'verify_values' is not defined          no-undef
  233:48   warning  'v' is not defined                      no-undef
  237:10   warning  'verify_values' is not defined          no-undef
  237:48   warning  'w' is not defined                      no-undef
  243:24   warning  'u' is not defined                      no-undef
  245:24   warning  'v' is not defined                      no-undef
  247:24   warning  'w' is not defined                      no-undef
  253:10   warning  'verify_a1' is defined but never used   no-unused-vars
  255:31   warning  'res_velocity' is not defined           no-undef
  256:17   warning  'acceleration_mat' is not defined       no-undef
  259:10   warning  'verify_values' is not defined          no-undef
  259:47   warning  'res_velocity' is not defined           no-undef
  266:18   warning  'verify_values' is not defined          no-undef
  266:56   warning  'acceleration_mat' is not defined       no-undef
  274:34   warning  'res_velocity' is not defined           no-undef
  280:32   warning  'acceleration_mat' is not defined       no-undef
  286:5    warning  'ax' is not defined                     no-undef
  287:9    warning  'u' is not defined                      no-undef
  287:13   warning  'acceleration_mat' is not defined       no-undef
  288:13   warning  'v' is not defined                      no-undef
  288:17   warning  'acceleration_mat' is not defined       no-undef
  289:13   warning  'w' is not defined                      no-undef
  289:17   warning  'acceleration_mat' is not defined       no-undef
  290:13   warning  'acceleration_mat' is not defined       no-undef
  291:5    warning  'ay' is not defined                     no-undef
  292:9    warning  'u' is not defined                      no-undef
  292:13   warning  'acceleration_mat' is not defined       no-undef
  293:13   warning  'v' is not defined                      no-undef
  293:17   warning  'acceleration_mat' is not defined       no-undef
  294:13   warning  'w' is not defined                      no-undef
  294:17   warning  'acceleration_mat' is not defined       no-undef
  295:13   warning  'acceleration_mat' is not defined       no-undef
  296:5    warning  'az' is not defined                     no-undef
  297:9    warning  'u' is not defined                      no-undef
  297:13   warning  'acceleration_mat' is not defined       no-undef
  298:13   warning  'v' is not defined                      no-undef
  298:17   warning  'acceleration_mat' is not defined       no-undef
  299:13   warning  'w' is not defined                      no-undef
  299:17   warning  'acceleration_mat' is not defined       no-undef
  300:13   warning  'acceleration_mat' is not defined       no-undef
  301:5    warning  'res_acceleration' is not defined       no-undef
  301:43   warning  'ax' is not defined                     no-undef
  301:61   warning  'ay' is not defined                     no-undef
  301:79   warning  'az' is not defined                     no-undef
  305:10   warning  'verify_e' is defined but never used    no-unused-vars
  307:25   warning  'ax' is not defined                     no-undef
  307:39   warning  'ay' is not defined                     no-undef
  307:53   warning  'az' is not defined                     no-undef
  314:10   warning  'verify_values' is not defined          no-undef
  314:48   warning  'ax' is not defined                     no-undef
  318:10   warning  'verify_values' is not defined          no-undef
  318:48   warning  'ay' is not defined                     no-undef
  322:10   warning  'verify_values' is not defined          no-undef
  322:48   warning  'az' is not defined                     no-undef
  328:24   warning  'ax' is not defined                     no-undef
  330:24   warning  'ay' is not defined                     no-undef
  332:24   warning  'az' is not defined                     no-undef
  338:10   warning  'verify2' is defined but never used     no-unused-vars
  339:36   warning  'res_acceleration' is not defined       no-undef
  343:10   warning  'verify_values' is not defined          no-undef
  343:48   warning  'res_acceleration' is not defined       no-undef
  349:24   warning  'res_acceleration' is not defined       no-undef
  350:5    warning  'activity2' is not defined              no-undef

/home/runner/work/exp-velocity-acceleration-iitb/exp-velocity-acceleration-iitb/experiment/simulation/js/activity2.js
    1:10  warning  'activity2' is defined but never used   no-unused-vars
   16:5   warning  'maindiv' is not defined                no-undef
   17:24  warning  'MathJax' is not defined                no-undef
   20:10  warning  'start_act2' is defined but never used  no-unused-vars
   25:20  warning  'get_collapse_btn_text' is not defined  no-undef
   84:5   warning  'maindiv' is not defined                no-undef
   85:24  warning  'show_step' is not defined              no-undef
   86:24  warning  'MathJax' is not defined                no-undef
   90:20  warning  'Updated_Question' is not defined       no-undef
   95:26  warning  'activity3' is not defined              no-undef
   98:10  warning  'verify3' is defined but never used     no-unused-vars
  100:30  warning  'diff_ux' is not defined                no-undef
  100:54  warning  'diff_vy' is not defined                no-undef
  100:78  warning  'diff_wz' is not defined                no-undef
  101:17  warning  'acceleration_mat' is not defined       no-undef
  110:24  warning  'diff_ux' is not defined                no-undef
  114:25  warning  'diff_vy' is not defined                no-undef
  118:25  warning  'diff_wz' is not defined                no-undef
  122:25  warning  'a2_exp' is not defined                 no-undef
  129:23  warning  'diff_ux' is not defined                no-undef
  131:24  warning  'diff_vy' is not defined                no-undef
  133:24  warning  'diff_wz' is not defined                no-undef
  135:24  warning  'a2_exp' is not defined                 no-undef

/home/runner/work/exp-velocity-acceleration-iitb/exp-velocity-acceleration-iitb/experiment/simulation/js/activity3.js
    1:10  warning  'activity3' is defined but never used   no-unused-vars
   16:5   warning  'maindiv' is not defined                no-undef
   17:24  warning  'MathJax' is not defined                no-undef
   20:10  warning  'start_act3' is defined but never used  no-unused-vars
   25:20  warning  'get_collapse_btn_text' is not defined  no-undef
  109:5   warning  'maindiv' is not defined                no-undef
  110:24  warning  'show_step' is not defined              no-undef
  111:24  warning  'MathJax' is not defined                no-undef
  113:10  warning  'verify4' is defined but never used     no-unused-vars
  115:30  warning  'diff3_ux' is not defined               no-undef
  115:55  warning  'diff3_vy' is not defined               no-undef
  115:80  warning  'diff3_wz' is not defined               no-undef
  122:25  warning  'diff3_ux' is not defined               no-undef
  126:25  warning  'diff3_vy' is not defined               no-undef
  130:25  warning  'diff3_wz' is not defined               no-undef
  142:24  warning  'MathJax' is not defined                no-undef
  146:10  warning  'verify5' is defined but never used     no-unused-vars
  148:29  warning  'a3_exp' is not defined                 no-undef
  151:25  warning  'a3_exp' is not defined                 no-undef
  159:24  warning  'MathJax' is not defined                no-undef

/home/runner/work/exp-velocity-acceleration-iitb/exp-velocity-acceleration-iitb/experiment/simulation/js/data.js
   2:5  warning  'diameter' is assigned a value but never used          no-unused-vars
   3:5  warning  'height' is assigned a value but never used            no-unused-vars
   4:5  warning  'weight' is assigned a value but never used            no-unused-vars
   5:5  warning  'h_w' is assigned a value but never used               no-unused-vars
   6:5  warning  'AB' is assigned a value but never used                no-unused-vars
   7:5  warning  'AG' is assigned a value but never used                no-unused-vars
   8:5  warning  'BG' is assigned a value but never used                no-unused-vars
   9:5  warning  'I' is assigned a value but never used                 no-unused-vars
  10:5  warning  'v_w' is assigned a value but never used               no-unused-vars
  11:5  warning  'GM' is assigned a value but never used                no-unused-vars
  13:5  warning  'p_diameter' is assigned a value but never used        no-unused-vars
  14:5  warning  'p_height' is assigned a value but never used          no-unused-vars
  15:5  warning  'p_weight' is assigned a value but never used          no-unused-vars
  16:5  warning  'p_h_w' is assigned a value but never used             no-unused-vars
  17:5  warning  'p_AB' is assigned a value but never used              no-unused-vars
  18:5  warning  'p_AG' is assigned a value but never used              no-unused-vars
  19:5  warning  'p_BG' is assigned a value but never used              no-unused-vars
  20:5  warning  'p_I' is assigned a value but never used               no-unused-vars
  21:5  warning  'p_v_w' is assigned a value but never used             no-unused-vars
  22:5  warning  'p_GM' is assigned a value but never used              no-unused-vars
  23:5  warning  'M' is assigned a value but never used                 no-unused-vars
  24:5  warning  'M_abs' is assigned a value but never used             no-unused-vars
  25:5  warning  'H' is assigned a value but never used                 no-unused-vars
  27:5  warning  'neutral_height' is assigned a value but never used    no-unused-vars
  30:5  warning  'w' is assigned a value but never used                 no-unused-vars
  32:5  warning  'u' is assigned a value but never used                 no-unused-vars
  33:5  warning  'v' is assigned a value but never used                 no-unused-vars
  34:5  warning  'z' is assigned a value but never used                 no-unused-vars
  35:5  warning  'ax' is assigned a value but never used                no-unused-vars
  36:5  warning  'ay' is assigned a value but never used                no-unused-vars
  37:5  warning  'az' is assigned a value but never used                no-unused-vars
  38:5  warning  'res_velocity' is assigned a value but never used      no-unused-vars
  39:5  warning  'acceleration_mat' is assigned a value but never used  no-unused-vars
  44:5  warning  'res_acceleration' is assigned a value but never used  no-unused-vars
  46:7  warning  'diff_ux' is assigned a value but never used           no-unused-vars
  47:7  warning  'diff_vy' is assigned a value but never used           no-unused-vars
  48:7  warning  'diff_wz' is assigned a value but never used           no-unused-vars
  49:5  warning  'a2_exp' is assigned a value but never used            no-unused-vars
  51:7  warning  'diff3_ux' is assigned a value but never used          no-unused-vars
  52:7  warning  'diff3_vy' is assigned a value but never used          no-unused-vars
  53:7  warning  'diff3_wz' is assigned a value but never used          no-unused-vars
  54:5  warning  'a3_exp' is assigned a value but never used            no-unused-vars

/home/runner/work/exp-velocity-acceleration-iitb/exp-velocity-acceleration-iitb/experiment/simulation/js/gauss_ele.js
  42:10  warning  'gauss_ele' is defined but never used  no-unused-vars

/home/runner/work/exp-velocity-acceleration-iitb/exp-velocity-acceleration-iitb/experiment/simulation/js/screen_size.js
  1:10  warning  'set_screen_size' is defined but never used  no-unused-vars

/home/runner/work/exp-velocity-acceleration-iitb/exp-velocity-acceleration-iitb/experiment/simulation/js/trap.js
   4:10  warning  'generate_data' is defined but never used  no-unused-vars
  13:10  warning  'trap' is defined but never used           no-unused-vars
  21:10  warning  'sim1by3' is defined but never used        no-unused-vars
  29:10  warning  'sim3by8' is defined but never used        no-unused-vars

✖ 249 problems (0 errors, 249 warnings)

